\BOOKMARK [1][-]{section.1}{\376\377\000I\000n\000t\000r\000o\000d\000u\000c\000c\000i\000\363\000n}{}% 1
\BOOKMARK [1][-]{section.2}{\376\377\000C\000a\000r\000a\000c\000t\000e\000r\000\355\000s\000t\000i\000c\000a\000s\000\040\000d\000e\000\040\000u\000n\000a\000\040\000o\000n\000d\000a\000\040}{}% 2
\BOOKMARK [1][-]{section.3}{\376\377\000O\000s\000c\000i\000l\000a\000c\000i\000o\000n\000e\000s}{}% 3
\BOOKMARK [1][-]{section.4}{\376\377\000E\000c\000u\000a\000c\000i\000\363\000n\000\040\000d\000e\000\040\000m\000o\000v\000i\000m\000i\000e\000n\000t\000o\000\040\000p\000a\000r\000a\000\040\000u\000n\000\040\000o\000s\000c\000i\000l\000a\000d\000o\000r\000\040\000a\000r\000m\000\363\000n\000i\000c\000o\000\040\000s\000i\000m\000p\000l\000e}{}% 4
\BOOKMARK [1][-]{section.5}{\376\377\000V\000e\000l\000o\000c\000i\000d\000a\000d\000\040\000y\000\040\000a\000c\000e\000l\000e\000r\000a\000c\000i\000\363\000n\000\040\000d\000e\000\040\000u\000n\000\040\000M\000A\000S\000\050\000m\000o\000v\000i\000m\000i\000e\000n\000t\000o\000\040\000a\000r\000m\000\363\000n\000i\000c\000o\000\040\000s\000i\000m\000p\000l\000e\000\051}{}% 5
\BOOKMARK [1][-]{section.6}{\376\377\000E\000n\000e\000r\000g\000\355\000a\000\040\000e\000n\000\040\000u\000n\000\040\000o\000s\000c\000i\000l\000a\000d\000o\000r}{}% 6
\BOOKMARK [2][-]{subsection.6.1}{\376\377\000E\000n\000e\000r\000g\000\355\000a\000\040\000p\000o\000t\000e\000n\000c\000i\000a\000l\000\040\000d\000e\000\040\000u\000n\000\040\000o\000s\000c\000i\000l\000a\000d\000o\000r}{section.6}% 7
\BOOKMARK [2][-]{subsection.6.2}{\376\377\000E\000n\000e\000r\000g\000\355\000a\000\040\000c\000i\000n\000\351\000t\000i\000c\000a}{section.6}% 8
\BOOKMARK [2][-]{subsection.6.3}{\376\377\000E\000c\000u\000a\000c\000i\000\363\000n\000\040\000d\000e\000\040\000l\000a\000\040\000e\000n\000e\000r\000g\000\355\000a\000\040\000t\000o\000t\000a\000l}{section.6}% 9
\BOOKMARK [1][-]{section.7}{\376\377\000C\000o\000n\000s\000e\000r\000v\000a\000c\000i\000\363\000n\000\040\000d\000e\000\040\000l\000a\000\040\000e\000n\000e\000r\000g\000\355\000a\000\040\000y\000\040\000e\000c\000u\000a\000c\000i\000\363\000n\000\040\000d\000e\000\040\000m\000o\000v\000i\000m\000i\000e\000n\000t\000o}{}% 10
\BOOKMARK [1][-]{section.8}{\376\377\000O\000s\000c\000i\000l\000a\000c\000i\000o\000n\000e\000s\000\040\000e\000n\000\040\000u\000n\000\040\000c\000i\000r\000c\000u\000i\000t\000o\000\040\000L\000C}{}% 11
\BOOKMARK [1][-]{section.9}{\376\377\000P\000u\000n\000t\000o\000s\000\040\000d\000e\000\040\000e\000q\000u\000i\000l\000i\000b\000r\000i\000o\000\040\000y\000\040\000a\000p\000r\000o\000x\000i\000m\000a\000c\000i\000\363\000n\000\040\000p\000a\000r\000a\000\040\000i\000d\000e\000n\000t\000i\000f\000i\000c\000a\000r\000\040\000s\000i\000s\000t\000e\000m\000a\000s\000\040\000o\000s\000c\000i\000l\000a\000n\000t\000e\000s}{}% 12
\BOOKMARK [1][-]{section.10}{\376\377\000P\000\351\000n\000d\000u\000l\000o\000\040\000s\000i\000m\000p\000l\000e}{}% 13
\BOOKMARK [1][-]{section.11}{\376\377\000P\000\351\000n\000d\000u\000l\000o\000\040\000f\000\355\000s\000i\000c\000o\000\040\000y\000\040\000M\000o\000m\000e\000n\000t\000o\000\040\000d\000e\000\040\000i\000n\000e\000r\000c\000i\000a}{}% 14
\BOOKMARK [2][-]{subsection.11.1}{\376\377\000C\000e\000n\000t\000r\000o\000\040\000d\000e\000\040\000m\000a\000s\000a}{section.11}% 15
\BOOKMARK [2][-]{subsection.11.2}{\376\377\000M\000o\000m\000e\000n\000t\000o\000\040\000d\000e\000\040\000i\000n\000e\000r\000c\000i\000a}{section.11}% 16
\BOOKMARK [2][-]{subsection.11.3}{\376\377\000T\000e\000o\000r\000e\000m\000a\000\040\000d\000e\000\040\000e\000j\000e\000s\000\040\000p\000a\000r\000a\000l\000e\000l\000o\000s\000\050\000m\000o\000m\000e\000n\000t\000o\000\040\000d\000e\000\040\000i\000n\000e\000r\000c\000i\000a\000\040\000e\000n\000\040\000u\000n\000\040\000p\000u\000n\000t\000o\000\040\000d\000i\000s\000t\000i\000n\000t\000o\000\040\000a\000l\000\040\000c\000e\000n\000t\000r\000o\000\040\000d\000e\000\040\000m\000a\000s\000a\000\051}{section.11}% 17
\BOOKMARK [2][-]{subsection.11.4}{\376\377\000P\000\351\000n\000d\000u\000l\000o\000\040\000f\000\355\000s\000i\000c\000o}{section.11}% 18
\BOOKMARK [1][-]{section.12}{\376\377\000S\000u\000p\000e\000r\000p\000o\000s\000i\000c\000i\000\363\000n\000\040\000d\000e\000\040\000o\000s\000c\000i\000l\000a\000c\000i\000o\000n\000e\000s}{}% 19
\BOOKMARK [2][-]{subsection.12.1}{\376\377\000S\000u\000p\000e\000r\000p\000o\000s\000i\000c\000i\000\363\000n\000\040\000d\000e\000\040\000o\000s\000c\000i\000l\000a\000c\000i\000o\000n\000e\000s\000\040\000e\000n\000\040\000l\000a\000\040\000m\000i\000s\000m\000a\000\040\000d\000i\000r\000e\000c\000c\000i\000\363\000n\000/\000c\000o\000l\000i\000n\000e\000a\000l\000e\000s\000\040}{section.12}% 20
\BOOKMARK [2][-]{subsection.12.2}{\376\377\000S\000u\000p\000e\000r\000p\000o\000s\000i\000c\000i\000\363\000n\000\040\000d\000e\000\040\000o\000s\000c\000i\000l\000a\000c\000i\000o\000n\000e\000s\000\040\000p\000e\000r\000p\000e\000n\000d\000i\000c\000u\000l\000a\000r\000e\000s}{section.12}% 21
\BOOKMARK [1][-]{section.13}{\376\377\000O\000s\000c\000i\000l\000a\000c\000i\000o\000n\000e\000s\000\040\000a\000m\000o\000r\000t\000i\000g\000u\000a\000d\000a\000s}{}% 22
\BOOKMARK [2][-]{subsection.13.1}{\376\377\000F\000r\000e\000c\000u\000e\000n\000c\000i\000a\000\040\000d\000e\000\040\000u\000n\000\040\000m\000o\000v\000i\000m\000i\000e\000n\000t\000o\000\040\000a\000m\000o\000r\000t\000i\000g\000u\000a\000d\000o}{section.13}% 23
\BOOKMARK [2][-]{subsection.13.2}{\376\377\000D\000i\000s\000i\000p\000a\000c\000i\000\363\000n\000\040\000d\000e\000\040\000e\000n\000e\000r\000g\000\355\000a}{section.13}% 24
\BOOKMARK [2][-]{subsection.13.3}{\376\377\000E\000x\000p\000r\000e\000s\000i\000\363\000n\000\040\000g\000e\000n\000e\000r\000a\000l\000\040\000p\000a\000r\000a\000\040\000l\000a\000\040\000e\000n\000e\000r\000g\000\355\000a\000\040\000e\000n\000\040\000e\000l\000\040\000t\000i\000e\000m\000p\000o}{section.13}% 25
\BOOKMARK [1][-]{section.14}{\376\377\000F\000o\000r\000m\000a\000s\000\040\000d\000e\000\040\000m\000e\000d\000i\000r\000\040\000e\000l\000\040\000d\000e\000c\000a\000i\000m\000i\000e\000n\000t\000o\000\040\000d\000e\000\040\000u\000n\000a\000\040\000o\000n\000d\000a}{}% 26
\BOOKMARK [2][-]{subsection.14.1}{\376\377\000D\000e\000c\000r\000e\000m\000e\000n\000t\000o\000\040\000l\000o\000g\000a\000r\000\355\000t\000m\000i\000c\000o}{section.14}% 27
\BOOKMARK [2][-]{subsection.14.2}{\376\377\000T\000i\000e\000m\000p\000o\000\040\000d\000e\000\040\000r\000e\000l\000a\000j\000a\000c\000i\000\363\000n\000\040}{section.14}% 28
\BOOKMARK [2][-]{subsection.14.3}{\376\377\000F\000a\000c\000t\000o\000r\000\040\000d\000e\000\040\000c\000a\000l\000i\000d\000a\000d}{section.14}% 29
\BOOKMARK [1][-]{section.15}{\376\377\000R\000e\000p\000r\000e\000s\000e\000n\000t\000a\000c\000i\000\363\000n\000\040\000F\000a\000s\000o\000r\000i\000a\000l\000\040\000d\000e\000\040\000O\000n\000d\000a\000s}{}% 30
\BOOKMARK [2][-]{subsection.15.1}{\376\377\000P\000r\000o\000p\000i\000e\000d\000a\000d\000e\000s\000\040\000\372\000t\000i\000l\000e\000s\000\040\000e\000n\000\040\000r\000e\000p\000r\000e\000s\000e\000n\000t\000a\000c\000i\000\363\000n\000\040\000f\000a\000s\000o\000r\000i\000a\000l}{section.15}% 31
\BOOKMARK [2][-]{subsection.15.2}{\376\377\000I\000m\000p\000e\000d\000a\000n\000c\000i\000a\000\040\000e\000l\000\351\000c\000t\000r\000i\000c\000a}{section.15}% 32
\BOOKMARK [2][-]{subsection.15.3}{\376\377\000I\000m\000p\000e\000d\000a\000n\000c\000i\000a\000\040\000m\000e\000c\000\341\000n\000i\000c\000a\000\040}{section.15}% 33
\BOOKMARK [1][-]{section.16}{\376\377\000O\000s\000c\000i\000l\000a\000c\000i\000o\000n\000e\000s\000\040\000f\000o\000r\000z\000a\000d\000a\000s}{}% 34
\BOOKMARK [2][-]{subsection.16.1}{\376\377\000S\000o\000l\000u\000c\000i\000\363\000n\000\040\000h\000o\000m\000o\000g\000\351\000n\000e\000a}{section.16}% 35
\BOOKMARK [2][-]{subsection.16.2}{\376\377\000S\000o\000l\000u\000c\000i\000\363\000n\000\040\000p\000a\000r\000t\000i\000c\000u\000l\000a\000r}{section.16}% 36
\BOOKMARK [2][-]{subsection.16.3}{\376\377\000P\000o\000t\000e\000n\000c\000i\000a\000\040\000s\000u\000m\000i\000n\000i\000s\000t\000r\000a\000d\000a\000\040\000p\000o\000r\000\040\000l\000a\000\040\000f\000u\000e\000r\000z\000a\000\040\000e\000x\000t\000e\000r\000n\000a\000\040}{section.16}% 37
\BOOKMARK [1][-]{section.17}{\376\377\000O\000s\000c\000i\000l\000a\000d\000o\000r\000e\000s\000\040\000a\000c\000o\000p\000l\000a\000d\000o\000s}{}% 38
\BOOKMARK [2][-]{subsection.17.1}{\376\377\000P\000\351\000n\000d\000u\000l\000o\000s\000\040\000u\000n\000i\000d\000o\000s\000\040\000p\000o\000r\000\040\000u\000n\000\040\000r\000e\000s\000o\000r\000t\000e}{section.17}% 39
\BOOKMARK [2][-]{subsection.17.2}{\376\377\000E\000n\000e\000r\000g\000\355\000a\000\040\000e\000n\000\040\000e\000l\000\040\000s\000i\000s\000t\000e\000m\000a\000\040\000a\000c\000o\000p\000l\000a\000d\000o}{section.17}% 40
\BOOKMARK [2][-]{subsection.17.3}{\376\377\000M\000\351\000t\000o\000d\000o\000\040\000m\000a\000t\000r\000i\000c\000i\000a\000l\000\040}{section.17}% 41
